Arguments: 
  E:\Node\node.exe C:\Users\王昌浩\AppData\Roaming\npm\node_modules\yarn\bin\yarn.js add vue-router@4.0.0-beta7

PATH: 
  E:\ftp6\;C:\Windows\system32;C:\Windows;C:\Windows\System32\Wbem;C:\Windows\System32\WindowsPowerShell\v1.0\;C:\Windows\System32\OpenSSH\;E:\SVN\bin;C:\Program Files (x86)\NVIDIA Corporation\PhysX\Common;E:\Git\cmd;E:\Node\;C:\Users\王昌浩\AppData\Local\Microsoft\WindowsApps;;E:\Microsoft VS Code\bin;C:\Users\王昌浩\AppData\Roaming\npm

Yarn version: 
  1.22.4

Node version: 
  12.18.2

Platform: 
  win32 x64

Trace: 
  Error: EPERM: operation not permitted, unlink 'F:\JavaScript-Charles\PE-project-demo\vue3.0项目搭建\my-vue3\node_modules\esbuild\esbuild.exe'

npm manifest: 
  {
    "name": "my-vue3",
    "version": "0.0.0",
    "scripts": {
      "dev": "vite",
      "build": "vite build"
    },
    "dependencies": {
      "vue": "^3.0.0-rc.1"
    },
    "devDependencies": {
      "@vue/compiler-sfc": "^3.0.0-rc.1",
      "typescript": "^4.0.3",
      "vite": "^1.0.0-rc.1"
    }
  }

yarn manifest: 
  No manifest

Lockfile: 
  No lockfile
